<?xml version="1.0" encoding="UTF-8"?>
<testsuite hostname="ghadeer" name="pageTests.HomePageTest" tests="2" failures="2" timestamp="28 Jun 2020 17:57:12 GMT" time="61.164" errors="0">
  <testcase name="TestHome" time="0.041" classname="pageTests.HomePageTest">
    <failure type="junit.framework.ComparisonFailure" message="expected:&amp;lt;...&amp;gt; but was:&amp;lt;The...&amp;gt;">
      <![CDATA[junit.framework.ComparisonFailure: expected:<...> but was:<The...>
	at junit.framework.Assert.assertEquals(Assert.java:81)
	at junit.framework.Assert.assertEquals(Assert.java:87)
	at pageTests.HomePageTest.TestHome(HomePageTest.java:32)
... Removed 25 stack frames]]>
    </failure>
  </testcase>
  <testcase name="TestHome" time="0.015" classname="pageTests.HomePageTest">
    <failure type="junit.framework.ComparisonFailure" message="expected:&amp;lt;...&amp;gt; but was:&amp;lt;The...&amp;gt;">
      <![CDATA[junit.framework.ComparisonFailure: expected:<...> but was:<The...>
	at junit.framework.Assert.assertEquals(Assert.java:81)
	at junit.framework.Assert.assertEquals(Assert.java:87)
	at pageTests.HomePageTest.TestHome(HomePageTest.java:32)
... Removed 25 stack frames]]>
    </failure>
  </testcase>
</testsuite>
