<?xml version="1.0" encoding="UTF-8"?>
<testng-results skipped="0" failed="0" total="1" passed="1">
  <reporter-output>
  </reporter-output>
  <suite name="Default suite" duration-ms="44153" started-at="2020-06-29T20:02:58Z" finished-at="2020-06-29T20:03:42Z">
    <groups>
    </groups>
    <test name="Default test" duration-ms="44153" started-at="2020-06-29T20:02:58Z" finished-at="2020-06-29T20:03:42Z">
      <class name="pageTests.BrokenImgsTest">
        <test-method status="PASS" signature="Setup()" name="Setup" is-config="true" duration-ms="38695" started-at="2020-06-29T20:02:58Z" finished-at="2020-06-29T20:03:36Z">
        </test-method>
        <test-method status="PASS" signature="CheckImgsBroken()" name="CheckImgsBroken" duration-ms="295" started-at="2020-06-29T20:03:36Z" finished-at="2020-06-29T20:03:37Z">
        </test-method>
        <test-method status="PASS" signature="quit()" name="quit" is-config="true" duration-ms="5123" started-at="2020-06-29T20:03:37Z" finished-at="2020-06-29T20:03:42Z">
        </test-method>
      </class>
    </test>
  </suite>
</testng-results>
